2018-08-19 19:23:09> Program: Starting Squirrel Updater: --install .
2018-08-19 19:23:10> Program: Starting install, writing to C:\Users\IphoneX\AppData\Local\SquirrelTemp
2018-08-19 19:23:10> Program: About to install to: C:\Users\IphoneX\AppData\Local\GitHubDesktop
2018-08-19 19:23:10> CheckForUpdateImpl: Couldn't write out staging user ID, this user probably shouldn't get beta anything: System.IO.DirectoryNotFoundException: Could not find a part of the path 'C:\Users\IphoneX\AppData\Local\GitHubDesktop\packages\.betaId'.
   at System.IO.__Error.WinIOError(Int32 errorCode, String maybeFullPath)
   at System.IO.FileStream.Init(String path, FileMode mode, FileAccess access, Int32 rights, Boolean useRights, FileShare share, Int32 bufferSize, FileOptions options, SECURITY_ATTRIBUTES secAttrs, String msgPath, Boolean bFromProxy, Boolean useLongPath, Boolean checkHost)
   at System.IO.FileStream..ctor(String path, FileMode mode, FileAccess access, FileShare share, Int32 bufferSize, FileOptions options, String msgPath, Boolean bFromProxy, Boolean useLongPath, Boolean checkHost)
   at System.IO.StreamWriter.CreateFile(String path, Boolean append, Boolean checkHost)
   at System.IO.StreamWriter..ctor(String path, Boolean append, Encoding encoding, Int32 bufferSize, Boolean checkHost)
   at System.IO.File.InternalWriteAllText(String path, String contents, Encoding encoding, Boolean checkHost)
   at System.IO.File.WriteAllText(String path, String contents, Encoding encoding)
   at Squirrel.UpdateManager.CheckForUpdateImpl.getOrCreateStagedUserId()
2018-08-19 19:23:10> CheckForUpdateImpl: Failed to load local releases, starting from scratch: System.IO.DirectoryNotFoundException: Could not find a part of the path 'C:\Users\IphoneX\AppData\Local\GitHubDesktop\packages\RELEASES'.
   at System.IO.__Error.WinIOError(Int32 errorCode, String maybeFullPath)
   at System.IO.FileStream.Init(String path, FileMode mode, FileAccess access, Int32 rights, Boolean useRights, FileShare share, Int32 bufferSize, FileOptions options, SECURITY_ATTRIBUTES secAttrs, String msgPath, Boolean bFromProxy, Boolean useLongPath, Boolean checkHost)
   at System.IO.FileStream..ctor(String path, FileMode mode, FileAccess access, FileShare share)
   at Squirrel.Utility.LoadLocalReleases(String localReleaseFile)
   at Squirrel.UpdateManager.CheckForUpdateImpl.<CheckForUpdate>d__2.MoveNext()
2018-08-19 19:23:10> CheckForUpdateImpl: Reading RELEASES file from C:\Users\IphoneX\AppData\Local\SquirrelTemp
2018-08-19 19:23:11> CheckForUpdateImpl: First run or local directory is corrupt, starting from scratch
2018-08-19 19:23:11> ApplyReleasesImpl: Writing files to app directory: C:\Users\IphoneX\AppData\Local\GitHubDesktop\app-1.3.3
2018-08-19 19:23:12> LogHost: Rigging execution stub for lib/net45/GitHubDesktop_ExecutionStub.exe to C:\Users\IphoneX\AppData\Local\GitHubDesktop\GitHubDesktop.exe
2018-08-19 19:23:30> ApplyReleasesImpl: Squirrel Enabled Apps: []
2018-08-19 19:23:30> ApplyReleasesImpl: No apps are marked as Squirrel-aware! Going to run them all
2018-08-19 19:23:30> ApplyReleasesImpl: Starting fixPinnedExecutables
2018-08-19 19:23:30> ApplyReleasesImpl: Examining Pin: Adobe Illustrator CS6 (64 Bit).lnk
2018-08-19 19:23:30> ApplyReleasesImpl: Examining Pin: Adobe Photoshop CS6 (64 Bit).lnk
2018-08-19 19:23:30> ApplyReleasesImpl: Examining Pin: Adobe Premiere Pro CS6.lnk
2018-08-19 19:23:30> ApplyReleasesImpl: Examining Pin: Audacity.lnk
2018-08-19 19:23:30> ApplyReleasesImpl: Examining Pin: Cisco Packet Tracer.lnk
2018-08-19 19:23:30> ApplyReleasesImpl: Examining Pin: computer.lnk
2018-08-19 19:23:30> ApplyReleasesImpl: Examining Pin: File Explorer (2).lnk
2018-08-19 19:23:30> ApplyReleasesImpl: Examining Pin: File Explorer (3).lnk
2018-08-19 19:23:30> ApplyReleasesImpl: Examining Pin: File Explorer.lnk
2018-08-19 19:23:30> ApplyReleasesImpl: Examining Pin: Firefox.lnk
2018-08-19 19:23:30> ApplyReleasesImpl: Examining Pin: FTK Imager (2).lnk
2018-08-19 19:23:30> ApplyReleasesImpl: Examining Pin: FTK Imager.lnk
2018-08-19cal\GitHubDesktop\app-1.3.3\resources: System.IO.IOException: The directory is not empty.

   at System.IO.__Error.WinIOError(Int32 errorCode, String maybeFullPath)
   at System.IO.Directory.DeleteHelper(String fullPath, String userPath, Boolean recursive, Boolean throwOnTopLevelDirectoryNotFound, WIN32_FIND_DATA& data)
   at System.IO.Directory.Delete(String fullPath, String userPath, Boolean recursive, Boolean checkHost)
   at Squirrel.Utility.<DeleteDirectory>d__19.MoveNext()
2018-08-19 19:23:21> Utility: DeleteDirectory: could not delete - C:\Users\IphoneX\AppData\Local\GitHubDesktop\app-1.3.3: System.IO.IOException: The directory is not empty.

   at System.IO.__Error.WinIOError(Int32 errorCode, String maybeFullPath)
   at System.IO.Directory.DeleteHelper(String fullPath, String userPath, Boolean recursive, Boolean throwOnTopLevelDirectoryNotFound, WIN32_FIND_DATA& data)
   at System.IO.Directory.Delete(String fullPath, String userPath, Boolean recursive, Boolean checkHost)
   at Squirrel.Utility.<DeleteDirectory>d__19.MoveNext()
2018-08-19 19:23:21> IEnableLogger: Failed to remove existing directory on full install, is the app still running???: System.IO.IOException: The process cannot access the file 'C:\Users\IphoneX\AppData\Local\GitHubDesktop\packages\GitHubDesktop-1.3.3-full.nupkg' because it is being used by another process.
   at System.IO.__Error.WinIOError(Int32 errorCode, String maybeFullPath)
   at System.IO.File.InternalDelete(String path, Boolean checkHost)
   at System.IO.File.Delete(String path)
   at Squirrel.Utility.<>c.<DeleteDirectory>b__19_0(String file)
   at Squirrel.Utility.<>c__DisplayClass12_1`1.<ForEachAsync>b__1()
   at System.Threading.Tasks.Task.InnerInvoke()
   at System.Threading.Tasks.Task.Execute()
--- End of stack trace from previous location where exception was thrown ---
   at System.Runtime.CompilerServices.TaskAwaiter.ThrowForNonSuccess(Task task)
   at System.Runtime.CompilerServices.TaskAwaiter.HandleNonSuccessAndDebuggerNotification(Task task)
   at Squirrel.Utility.<>c__DisplayClass13_0`1.<<ForEachAsync>b__1>d.MoveNext()
--- End of stack trace from previous location where exception was thrown ---
   at System.Runtime.CompilerServices.TaskAwaiter.ThrowForNonSuccess(Task task)
   at System.Runtime.CompilerServices.TaskAwaiter.HandleNonSuccessAndDebuggerNotification(Task task)
   at Squirrel.Utility.<DeleteDirectory>d__19.MoveNext()
--- End of stack trace from previous location where exception was thrown ---
   at System.Runtime.CompilerServices.TaskAwaiter.ThrowForNonSuccess(Task task)
   at System.Runtime.CompilerServices.TaskAwaiter.HandleNonSuccessAndDebuggerNotification(Task task)
   at Squirrel.Utility.<>c.<<DeleteDirectory>b__19_1>d.MoveNext()
--- End of stack trace from previous location where exception was thrown ---
   at System.Runtime.CompilerServices.TaskAwaiter.ThrowForNonSuccess(Task task)
   at System.Runtime.CompilerServices.TaskAwaiter.HandleNonSuccessAndDebuggerNotification(Task task)
   at Squirrel.Utility.<>c__DisplayClass13_0`1.<<ForEachAsync>b__1>d.MoveNext()
--- End of stack trace from previous location where exception was thrown ---
   at System.Runtime.CompilerServices.TaskAwaiter.ThrowForNonSuccess(Task task)
   at System.Runtime.CompilerServices.TaskAwaiter.HandleNonSuccessAndDebuggerNotification(Task task)
   at Squirrel.Utility.<DeleteDirectory>d__19.MoveNext()
--- End of stack trace from previous location where exception was thrown ---
   at System.Runtime.CompilerServices.TaskAwaiter.ThrowForNonSuccess(Task task)
   at System.Runtime.CompilerServices.TaskAwaiter.HandleNonSuccessAndDebuggerNotification(Task task)
   at Squirrel.Utility.<LogIfThrows>d__37.MoveNext()
2018-08-19 19:23:21> Unhandled exception: System.AggregateException: One or more errors occurred. ---> System.IO.IOException: The process cannot access the file 'C:\Users\IphoneX\AppData\Local\GitHubDesktop\packages\GitHubDesktop-1.3.3-full.nupkg' because it is being used by another process.
   at System.IO.__Error.WinIOError(Int32 errorCode, String maybeFullPath)
   at System.IO.File.InternalDelete(String path, Boolean checkHost)
   at System.IO.File.Delete(String path)
   at Squirrel.Utility.<>c.<DeleteDirectory>b__19_0(String file)
   at Squirrel.Utility.<>c__DisplayClass12_1`1.<ForEachAsync>b__1()
   at System.Threading.Tasks.Task.InnerInvoke()
   at System.Threading.Tasks.Task.Execute()
--- End of stack trace from previous location where exception was thrown ---
   at System.Runtime.CompilerServices.TaskAwaiter.ThrowForNonSuccess(Task task)
   at System.Runtime.CompilerServices.TaskAwaiter.HandleNonSuccessAndDebuggerNotification(Task task)
   at Squirrel.Utility.<>c__DisplayClass13_0`1.<<ForEachAsync>b__1>d.MoveNext()
--- End of stack trace from previous location where exception was thrown ---
   at System.Runtime.CompilerServices.TaskAwaiter.ThrowForNonSuccess(Task task)
   at System.Runtime.CompilerServices.TaskAwaiter.HandleNonSuccessAndDebuggerNotification(Task task)
   at Squirrel.Utility.<DeleteDirectory>d__19.MoveNext()
--- End of stack trace from previous location where exception was thrown ---
   at System.Runtime.CompilerServices.TaskAwaiter.ThrowForNonSuccess(Task task)
   at System.Runtime.CompilerServices.TaskAwaiter.HandleNonSuccessAndDebuggerNotification(Task task)
   at Squirrel.Utility.<>c.<<DeleteDirectory>b__19_1>d.MoveNext()
--- End of stack trace from previous location where exception was thrown ---
   at System.Runtime.CompilerServices.TaskAwaiter.ThrowForNonSuccess(Task task)
   at System.Runtime.CompilerServices.TaskAwaiter.HandleNonSuccessAndDebuggerNotification(Task task)
   at Squirrel.Utility.<>c__DisplayClass13_0`1.<<ForEachAsync>b__1>d.MoveNext()
--- End of stack trace from previous location where exception was thrown ---
   at System.Runtime.CompilerServices.TaskAwaiter.ThrowForNonSuccess(Task task)
   at System.Runtime.CompilerServices.TaskAwaiter.HandleNonSuccessAndDebuggerNotification(Task task)
   at Squirrel.Utility.<DeleteDirectory>d__19.MoveNext()
--- End of stack trace from previous location where exception was thrown ---
   at System.Runtime.CompilerServices.TaskAwaiter.ThrowForNonSuccess(Task task)
   at System.Runtime.CompilerServices.TaskAwaiter.HandleNonSuccessAndDebuggerNotification(Task task)
   at Squirrel.Utility.<LogIfThrows>d__37.MoveNext()
--- End of stack trace from previous location where exception was thrown ---
   at System.Runtime.CompilerServices.TaskAwaiter.ThrowForNonSuccess(Task task)
   at System.Runtime.CompilerServices.TaskAwaiter.HandleNonSuccessAndDebuggerNotification(Task task)
   at System.Runtime.CompilerServices.TaskAwaiter.ValidateEnd(Task task)
   at Squirrel.Update.Program.<Install>d__4.MoveNext()
   --- End of inner exception stack trace ---
   at System.Threading.Tasks.Task.ThrowIfExceptional(Boolean includeTaskCanceledExceptions)
   at System.Threading.Tasks.Task.Wait(Int32 millisecondsTimeout, CancellationToken cancellationToken)
   at System.Threading.Tasks.Task.Wait()
   at Squirrel.Update.Program.executeCommandLine(String[] args)
   at Squirrel.Update.Program.main(String[] args)
---> (Inner Exception #0) System.IO.IOException: The process cannot access the file 'C:\Users\IphoneX\AppData\Local\GitHubDesktop\packages\GitHubDesktop-1.3.3-full.nupkg' because it is being used by another process.
   at System.IO.__Error.WinIOError(Int32 errorCode, String maybeFullPath)
   at System.IO.File.InternalDelete(String path, Boolean checkHost)
   at System.IO.File.Delete(String path)
   at Squirrel.Utility.<>c.<DeleteDirectory>b__19_0(String file)
   at Squirrel.Utility.<>c__DisplayClass12_1`1.<ForEachAsync>b__1()
   at System.Threading.Tasks.Task.InnerInvoke()
   at System.Threading.Tasks.Task.Execute()
--- End of stack trace from previous location where exception was thrown ---
   at System.Runtime.CompilerServices.TaskAwaiter.ThrowForNonSuccess(Task task)
   at System.Runtime.CompilerServices.TaskAwaiter.HandleNonSuccessAndDebuggerNotification(Task task)
   at Squirrel.Utility.<>c__DisplayClass13_0`1.<<ForEachAsync>b__1>d.MoveNext()
--- End of stack trace from previous location where exception was thrown ---
   at System.Runtime.CompilerServices.TaskAwaiter.ThrowForNonSuccess(Task task)
   at System.Runtime.CompilerServices.TaskAwaiter.HandleNonSuccessAndDebuggerNotification(Task task)
   at Squirrel.Utility.<DeleteDirectory>d__19.MoveNext()
--- End of stack trace from previous location where exception was thrown ---
   at System.Runtime.CompilerServices.TaskAwaiter.ThrowForNonSuccess(Task task)
   at System.Runtime.CompilerServices.TaskAwaiter.HandleNonSuccessAndDebuggerNotification(Task task)
   at Squirrel.Utility.<>c.<<DeleteDirectory>b__19_1>d.MoveNext()
--- End of stack trace from previous location where exception was thrown ---
   at System.Runtime.CompilerServices.TaskAwaiter.ThrowForNonSuccess(Task task)
   at System.Runtime.CompilerServices.TaskAwaiter.HandleNonSuccessAndDebuggerNotification(Task task)
   at Squirrel.Utility.<>c__DisplayClass13_0`1.<<ForEachAsync>b__1>d.MoveNext()
--- End of stack trace from previous location where exception was thrown ---
   at System.Runtime.CompilerServices.TaskAwaiter.ThrowForNonSuccess(Task task)
   at System.Runtime.CompilerServices.TaskAwaiter.HandleNonSuccessAndDebuggerNotification(Task task)
   at Squirrel.Utility.<DeleteDirectory>d__19.MoveNext()
--- End of stack trace from previous location where exception was thrown ---
   at System.Runtime.CompilerServices.TaskAwaiter.ThrowForNonSuccess(Task task)
   at System.Runtime.CompilerServices.TaskAwaiter.HandleNonSuccessAndDebuggerNotification(Task task)
   at Squirrel.Utility.<LogIfThrows>d__37.MoveNext()
--- End of stack trace from previous location where exception was thrown ---
   at System.Runtime.CompilerServices.TaskAwaiter.ThrowForNonSuccess(Task task)
   at System.Runtime.CompilerServices.TaskAwaiter.HandleNonSuccessAndDebuggerNotification(Task task)
   at System.Runtime.CompilerServices.TaskAwaiter.ValidateEnd(Task task)
   at Squirrel.Update.Program.<Install>d__4.MoveNext()<---

